<?xml version="1.0" encoding="UTF-8"?>
<testsuite name="com.example.project.TestMain" tests="14" skipped="0" failures="0" errors="0" timestamp="2025-02-06T16:50:40" hostname="codespaces-27a526" time="0.08">
  <properties/>
  <testcase name="testNotAlone()" classname="com.example.project.TestMain" time="0.021"/>
  <testcase name="TestShiftLeft()" classname="com.example.project.TestMain" time="0.001"/>
  <testcase name="testParseSentence()" classname="com.example.project.TestMain" time="0.001"/>
  <testcase name="testRemoveDuplicates()" classname="com.example.project.TestMain" time="0.001"/>
  <testcase name="testFix34()" classname="com.example.project.TestMain" time="0.002"/>
  <testcase name="testMode()" classname="com.example.project.TestMain" time="0.012"/>
  <testcase name="testSameFirstLast()" classname="com.example.project.TestMain" time="0.001"/>
  <testcase name="testSwapEnds()" classname="com.example.project.TestMain" time="0.0"/>
  <testcase name="testZeroFront()" classname="com.example.project.TestMain" time="0.001"/>
  <testcase name="testRemove3()" classname="com.example.project.TestMain" time="0.003"/>
  <testcase name="testReverseArray()" classname="com.example.project.TestMain" time="0.001"/>
  <testcase name="testInsertAfterI()" classname="com.example.project.TestMain" time="0.001"/>
  <testcase name="testMoveBWords()" classname="com.example.project.TestMain" time="0.001"/>
  <testcase name="testDuplicateUpperEnd()" classname="com.example.project.TestMain" time="0.001"/>
  <system-out><![CDATA[[1, 2, 1, 1, 2, 1]
[1, 2, 3, 4, 5, 6]
[1, 2, 3, 1, 1, 2, 1]
[1, 2, 6, 3, 4, 5, 7]
[5, 3, 2, 1]
[1, 2, 4, 3]
[3, 3, 3, 2]
[1, 2, 3, 4]
[1, 1, 1, 1, 1, 1]
[1, 2, 3, 4, 5, 6]
[3, 3, 3, 3, 3, 3]
[1, 2, 3, 4, 5, 6]
[3, 3, 3, 3, 3, 3, 1]
[1, 2, 3, 4, 5, 6, 7]
]]></system-out>
  <system-err><![CDATA[]]></system-err>
</testsuite>
