<?xml version="1.0" encoding="UTF-8"?>
<testsuite name="com.example.project.TestMain" tests="14" skipped="0" failures="0" errors="0" timestamp="2025-02-07T16:50:28" hostname="codespaces-27a526" time="0.134">
  <properties/>
  <testcase name="testNotAlone()" classname="com.example.project.TestMain" time="0.033"/>
  <testcase name="TestShiftLeft()" classname="com.example.project.TestMain" time="0.001"/>
  <testcase name="testParseSentence()" classname="com.example.project.TestMain" time="0.008"/>
  <testcase name="testRemoveDuplicates()" classname="com.example.project.TestMain" time="0.001"/>
  <testcase name="testFix34()" classname="com.example.project.TestMain" time="0.009"/>
  <testcase name="testMode()" classname="com.example.project.TestMain" time="0.001"/>
  <testcase name="testSameFirstLast()" classname="com.example.project.TestMain" time="0.002"/>
  <testcase name="testSwapEnds()" classname="com.example.project.TestMain" time="0.002"/>
  <testcase name="testZeroFront()" classname="com.example.project.TestMain" time="0.003"/>
  <testcase name="testRemove3()" classname="com.example.project.TestMain" time="0.017"/>
  <testcase name="testReverseArray()" classname="com.example.project.TestMain" time="0.001"/>
  <testcase name="testInsertAfterI()" classname="com.example.project.TestMain" time="0.0"/>
  <testcase name="testMoveBWords()" classname="com.example.project.TestMain" time="0.001"/>
  <testcase name="testDuplicateUpperEnd()" classname="com.example.project.TestMain" time="0.004"/>
  <system-out><![CDATA[]]></system-out>
  <system-err><![CDATA[]]></system-err>
</testsuite>
